2023-06-18 21:25:52 INFO  MemoryController:58 - 当前内存调度算法：FF
2023-06-18 21:26:03 INFO  ProcessManager:90 - 切换算法:RR
2023-06-18 21:26:04 INFO  FF:29 - 成功向进程P0分配大小为328KB的内存块
2023-06-18 21:26:04 INFO  BankerAlgorithm:40 - 进程P0请求分配资源：[1, 1, 1]
2023-06-18 21:26:04 INFO  BankerAlgorithm:92 - 进行安全性检查...
2023-06-18 21:26:04 INFO  BankerAlgorithm:127 - 进程P0执行完毕
2023-06-18 21:26:04 INFO  BankerAlgorithm:144 - 安全性检查通过
2023-06-18 21:26:04 INFO  BankerAlgorithm:58 - 进程P0的资源请求：[1, 1, 1] 通过
2023-06-18 21:26:04 INFO  ResourceManager:66 - 进程P0成功分配资源  当前可用资源数：9-9-9
2023-06-18 21:26:04 INFO  FF:29 - 成功向进程P1分配大小为138KB的内存块
2023-06-18 21:26:04 INFO  BankerAlgorithm:40 - 进程P1请求分配资源：[1, 1, 1]
2023-06-18 21:26:04 INFO  BankerAlgorithm:92 - 进行安全性检查...
2023-06-18 21:26:04 INFO  BankerAlgorithm:127 - 进程P0执行完毕
2023-06-18 21:26:04 INFO  BankerAlgorithm:127 - 进程P1执行完毕
2023-06-18 21:26:04 INFO  BankerAlgorithm:144 - 安全性检查通过
2023-06-18 21:26:04 INFO  BankerAlgorithm:58 - 进程P1的资源请求：[1, 1, 1] 通过
2023-06-18 21:26:04 INFO  ResourceManager:66 - 进程P1成功分配资源  当前可用资源数：8-8-8
2023-06-18 21:26:04 INFO  FF:29 - 成功向进程P2分配大小为203KB的内存块
2023-06-18 21:26:04 INFO  BankerAlgorithm:40 - 进程P2请求分配资源：[1, 1, 1]
2023-06-18 21:26:04 INFO  BankerAlgorithm:92 - 进行安全性检查...
2023-06-18 21:26:04 INFO  BankerAlgorithm:127 - 进程P0执行完毕
2023-06-18 21:26:04 INFO  BankerAlgorithm:127 - 进程P1执行完毕
2023-06-18 21:26:04 INFO  BankerAlgorithm:127 - 进程P2执行完毕
2023-06-18 21:26:04 INFO  BankerAlgorithm:144 - 安全性检查通过
2023-06-18 21:26:04 INFO  BankerAlgorithm:58 - 进程P2的资源请求：[1, 1, 1] 通过
2023-06-18 21:26:04 INFO  ResourceManager:66 - 进程P2成功分配资源  当前可用资源数：7-7-7
2023-06-18 21:26:04 INFO  FF:29 - 成功向进程P3分配大小为476KB的内存块
2023-06-18 21:26:04 INFO  BankerAlgorithm:40 - 进程P3请求分配资源：[1, 1, 1]
2023-06-18 21:26:04 INFO  BankerAlgorithm:92 - 进行安全性检查...
2023-06-18 21:26:04 INFO  BankerAlgorithm:127 - 进程P0执行完毕
2023-06-18 21:26:04 INFO  BankerAlgorithm:127 - 进程P1执行完毕
2023-06-18 21:26:04 INFO  BankerAlgorithm:127 - 进程P2执行完毕
2023-06-18 21:26:04 INFO  BankerAlgorithm:127 - 进程P3执行完毕
2023-06-18 21:26:04 INFO  BankerAlgorithm:144 - 安全性检查通过
2023-06-18 21:26:04 INFO  BankerAlgorithm:58 - 进程P3的资源请求：[1, 1, 1] 通过
2023-06-18 21:26:04 INFO  ResourceManager:66 - 进程P3成功分配资源  当前可用资源数：6-6-6
2023-06-18 21:26:05 INFO  FF:29 - 成功向进程P4分配大小为240KB的内存块
2023-06-18 21:26:05 INFO  BankerAlgorithm:40 - 进程P4请求分配资源：[1, 1, 1]
2023-06-18 21:26:05 INFO  BankerAlgorithm:92 - 进行安全性检查...
2023-06-18 21:26:05 INFO  BankerAlgorithm:127 - 进程P0执行完毕
2023-06-18 21:26:05 INFO  BankerAlgorithm:127 - 进程P1执行完毕
2023-06-18 21:26:05 INFO  BankerAlgorithm:127 - 进程P2执行完毕
2023-06-18 21:26:05 INFO  BankerAlgorithm:127 - 进程P3执行完毕
2023-06-18 21:26:05 INFO  BankerAlgorithm:127 - 进程P4执行完毕
2023-06-18 21:26:05 INFO  BankerAlgorithm:144 - 安全性检查通过
2023-06-18 21:26:05 INFO  BankerAlgorithm:58 - 进程P4的资源请求：[1, 1, 1] 通过
2023-06-18 21:26:05 INFO  ResourceManager:66 - 进程P4成功分配资源  当前可用资源数：5-5-5
2023-06-18 21:26:05 INFO  FF:29 - 成功向进程P5分配大小为80KB的内存块
2023-06-18 21:26:05 INFO  BankerAlgorithm:40 - 进程P5请求分配资源：[1, 1, 1]
2023-06-18 21:26:05 INFO  BankerAlgorithm:92 - 进行安全性检查...
2023-06-18 21:26:05 INFO  BankerAlgorithm:127 - 进程P0执行完毕
2023-06-18 21:26:05 INFO  BankerAlgorithm:127 - 进程P1执行完毕
2023-06-18 21:26:05 INFO  BankerAlgorithm:127 - 进程P2执行完毕
2023-06-18 21:26:05 INFO  BankerAlgorithm:127 - 进程P3执行完毕
2023-06-18 21:26:05 INFO  BankerAlgorithm:127 - 进程P4执行完毕
2023-06-18 21:26:05 INFO  BankerAlgorithm:127 - 进程P5执行完毕
2023-06-18 21:26:05 INFO  BankerAlgorithm:144 - 安全性检查通过
2023-06-18 21:26:05 INFO  BankerAlgorithm:58 - 进程P5的资源请求：[1, 1, 1] 通过
2023-06-18 21:26:05 INFO  ResourceManager:66 - 进程P5成功分配资源  当前可用资源数：4-4-4
2023-06-18 21:26:05 INFO  FF:29 - 成功向进程P6分配大小为294KB的内存块
2023-06-18 21:26:05 INFO  BankerAlgorithm:40 - 进程P6请求分配资源：[1, 1, 1]
2023-06-18 21:26:05 INFO  BankerAlgorithm:92 - 进行安全性检查...
2023-06-18 21:26:05 INFO  BankerAlgorithm:127 - 进程P0执行完毕
2023-06-18 21:26:05 INFO  BankerAlgorithm:127 - 进程P1执行完毕
2023-06-18 21:26:05 INFO  BankerAlgorithm:127 - 进程P2执行完毕
2023-06-18 21:26:05 INFO  BankerAlgorithm:127 - 进程P3执行完毕
2023-06-18 21:26:05 INFO  BankerAlgorithm:127 - 进程P4执行完毕
2023-06-18 21:26:05 INFO  BankerAlgorithm:127 - 进程P5执行完毕
2023-06-18 21:26:05 INFO  BankerAlgorithm:127 - 进程P6执行完毕
2023-06-18 21:26:05 INFO  BankerAlgorithm:144 - 安全性检查通过
2023-06-18 21:26:05 INFO  BankerAlgorithm:58 - 进程P6的资源请求：[1, 1, 1] 通过
2023-06-18 21:26:05 INFO  ResourceManager:66 - 进程P6成功分配资源  当前可用资源数：3-3-3
2023-06-18 21:26:15 INFO  BankerAlgorithm:40 - 进程P1请求分配资源：[2, 2, 2]
2023-06-18 21:26:15 INFO  BankerAlgorithm:92 - 进行安全性检查...
2023-06-18 21:26:15 INFO  BankerAlgorithm:127 - 进程P1执行完毕
2023-06-18 21:26:15 INFO  BankerAlgorithm:127 - 进程P0执行完毕
2023-06-18 21:26:15 INFO  BankerAlgorithm:127 - 进程P2执行完毕
2023-06-18 21:26:15 INFO  BankerAlgorithm:127 - 进程P3执行完毕
2023-06-18 21:26:15 INFO  BankerAlgorithm:127 - 进程P4执行完毕
2023-06-18 21:26:15 INFO  BankerAlgorithm:127 - 进程P5执行完毕
2023-06-18 21:26:15 INFO  BankerAlgorithm:127 - 进程P6执行完毕
2023-06-18 21:26:15 INFO  BankerAlgorithm:144 - 安全性检查通过
2023-06-18 21:26:15 INFO  BankerAlgorithm:58 - 进程P1的资源请求：[2, 2, 2] 通过
2023-06-18 21:26:15 INFO  ResourceManager:66 - 进程P1成功分配资源  当前可用资源数：1-1-1
2023-06-18 21:26:17 INFO  BankerAlgorithm:40 - 进程P4请求分配资源：[3, 3, 2]
2023-06-18 21:26:17 INFO  Process:35 - 进程P4申请资源失败，陷入阻塞
2023-06-18 21:26:18 INFO  BankerAlgorithm:40 - 进程P5请求分配资源：[3, 2, 2]
2023-06-18 21:26:18 INFO  Process:35 - 进程P5申请资源失败，陷入阻塞
2023-06-18 21:26:19 INFO  BankerAlgorithm:40 - 进程P0请求分配资源：[3, 2, 2]
2023-06-18 21:26:19 INFO  Process:35 - 进程P0申请资源失败，陷入阻塞
2023-06-18 21:26:21 INFO  BankerAlgorithm:40 - 进程P2请求分配资源：[3, 3, 2]
2023-06-18 21:26:21 INFO  Process:35 - 进程P2申请资源失败，陷入阻塞
2023-06-18 21:26:22 INFO  BankerAlgorithm:40 - 进程P3请求分配资源：[3, 2, 2]
2023-06-18 21:26:22 INFO  Process:35 - 进程P3申请资源失败，陷入阻塞
2023-06-18 21:26:22 INFO  BankerAlgorithm:40 - 进程P6请求分配资源：[2, 2, 2]
2023-06-18 21:26:22 INFO  Process:35 - 进程P6申请资源失败，陷入阻塞
2023-06-18 21:26:24 INFO  ResourceManager:116 - 进程P1成功释放资源  当前可用资源数：4-4-4
2023-06-18 21:26:24 INFO  BankerAlgorithm:40 - 进程P0请求分配资源：[3, 2, 2]
2023-06-18 21:26:24 INFO  BankerAlgorithm:92 - 进行安全性检查...
2023-06-18 21:26:24 INFO  BankerAlgorithm:127 - 进程P0执行完毕
2023-06-18 21:26:24 INFO  BankerAlgorithm:127 - 进程P2执行完毕
2023-06-18 21:26:24 INFO  BankerAlgorithm:127 - 进程P3执行完毕
2023-06-18 21:26:24 INFO  BankerAlgorithm:127 - 进程P4执行完毕
2023-06-18 21:26:24 INFO  BankerAlgorithm:127 - 进程P5执行完毕
2023-06-18 21:26:24 INFO  BankerAlgorithm:127 - 进程P6执行完毕
2023-06-18 21:26:24 INFO  BankerAlgorithm:144 - 安全性检查通过
2023-06-18 21:26:24 INFO  BankerAlgorithm:58 - 进程P0的资源请求：[3, 2, 2] 通过
2023-06-18 21:26:24 INFO  ResourceManager:66 - 进程P0成功分配资源  当前可用资源数：1-2-2
2023-06-18 21:26:24 INFO  FF:85 - MemoryBlock(startAddress=0, size=200, status=FREE, id=-1)
2023-06-18 21:26:24 INFO  FF:88 - 回收的内存分区与后分区合并，新空闲分区起址为：0，大小为：200
2023-06-18 21:26:24 INFO  RR:98 - 进程1执行完毕
2023-06-18 21:26:27 INFO  ResourceManager:116 - 进程P0成功释放资源  当前可用资源数：5-5-5
2023-06-18 21:26:27 INFO  BankerAlgorithm:40 - 进程P2请求分配资源：[3, 3, 2]
2023-06-18 21:26:27 INFO  BankerAlgorithm:92 - 进行安全性检查...
2023-06-18 21:26:27 INFO  BankerAlgorithm:127 - 进程P2执行完毕
2023-06-18 21:26:27 INFO  BankerAlgorithm:127 - 进程P3执行完毕
2023-06-18 21:26:27 INFO  BankerAlgorithm:127 - 进程P4执行完毕
2023-06-18 21:26:27 INFO  BankerAlgorithm:127 - 进程P5执行完毕
2023-06-18 21:26:27 INFO  BankerAlgorithm:127 - 进程P6执行完毕
2023-06-18 21:26:27 INFO  BankerAlgorithm:144 - 安全性检查通过
2023-06-18 21:26:27 INFO  BankerAlgorithm:58 - 进程P2的资源请求：[3, 3, 2] 通过
2023-06-18 21:26:27 INFO  ResourceManager:66 - 进程P2成功分配资源  当前可用资源数：2-2-3
2023-06-18 21:26:27 INFO  FF:69 - 回收的内存分区与前后分区合并，新空闲分区起址为：940，大小为：560
2023-06-18 21:26:27 INFO  RR:98 - 进程0执行完毕
2023-06-18 21:26:30 INFO  ResourceManager:116 - 进程P2成功释放资源  当前可用资源数：6-6-6
2023-06-18 21:26:30 INFO  BankerAlgorithm:40 - 进程P3请求分配资源：[3, 2, 2]
2023-06-18 21:26:30 INFO  BankerAlgorithm:92 - 进行安全性检查...
2023-06-18 21:26:30 INFO  BankerAlgorithm:127 - 进程P3执行完毕
2023-06-18 21:26:30 INFO  BankerAlgorithm:127 - 进程P4执行完毕
2023-06-18 21:26:30 INFO  BankerAlgorithm:127 - 进程P5执行完毕
2023-06-18 21:26:30 INFO  BankerAlgorithm:127 - 进程P6执行完毕
2023-06-18 21:26:30 INFO  BankerAlgorithm:144 - 安全性检查通过
2023-06-18 21:26:30 INFO  BankerAlgorithm:58 - 进程P3的资源请求：[3, 2, 2] 通过
2023-06-18 21:26:30 INFO  ResourceManager:66 - 进程P3成功分配资源  当前可用资源数：3-4-4
2023-06-18 21:26:30 INFO  FF:69 - 回收的内存分区与前后分区合并，新空闲分区起址为：280，大小为：420
2023-06-18 21:26:30 INFO  RR:98 - 进程2执行完毕
2023-06-18 21:26:33 INFO  ResourceManager:116 - 进程P3成功释放资源  当前可用资源数：7-7-7
2023-06-18 21:26:33 INFO  BankerAlgorithm:40 - 进程P4请求分配资源：[3, 3, 2]
2023-06-18 21:26:33 INFO  BankerAlgorithm:92 - 进行安全性检查...
2023-06-18 21:26:33 INFO  BankerAlgorithm:127 - 进程P4执行完毕
2023-06-18 21:26:33 INFO  BankerAlgorithm:127 - 进程P5执行完毕
2023-06-18 21:26:33 INFO  BankerAlgorithm:127 - 进程P6执行完毕
2023-06-18 21:26:33 INFO  BankerAlgorithm:144 - 安全性检查通过
2023-06-18 21:26:33 INFO  BankerAlgorithm:58 - 进程P4的资源请求：[3, 3, 2] 通过
2023-06-18 21:26:33 INFO  ResourceManager:66 - 进程P4成功分配资源  当前可用资源数：4-4-5
2023-06-18 21:26:33 INFO  FF:78 - 回收的内存分区与前分区合并，新空闲分区起址为：940，大小为：1060
2023-06-18 21:26:33 INFO  RR:98 - 进程3执行完毕
2023-06-18 21:26:33 INFO  ResourceManager:116 - 进程P4成功释放资源  当前可用资源数：8-8-8
2023-06-18 21:26:33 INFO  BankerAlgorithm:40 - 进程P5请求分配资源：[3, 2, 2]
2023-06-18 21:26:33 INFO  BankerAlgorithm:92 - 进行安全性检查...
2023-06-18 21:26:33 INFO  BankerAlgorithm:127 - 进程P5执行完毕
2023-06-18 21:26:33 INFO  BankerAlgorithm:127 - 进程P6执行完毕
2023-06-18 21:26:33 INFO  BankerAlgorithm:144 - 安全性检查通过
2023-06-18 21:26:33 INFO  BankerAlgorithm:58 - 进程P5的资源请求：[3, 2, 2] 通过
2023-06-18 21:26:33 INFO  ResourceManager:66 - 进程P5成功分配资源  当前可用资源数：5-6-6
2023-06-18 21:26:33 INFO  FF:69 - 回收的内存分区与前后分区合并，新空闲分区起址为：280，大小为：1720
2023-06-18 21:26:34 INFO  RR:98 - 进程4执行完毕
2023-06-18 21:26:36 INFO  ResourceManager:116 - 进程P5成功释放资源  当前可用资源数：9-9-9
2023-06-18 21:26:36 INFO  BankerAlgorithm:40 - 进程P6请求分配资源：[2, 2, 2]
2023-06-18 21:26:36 INFO  BankerAlgorithm:92 - 进行安全性检查...
2023-06-18 21:26:36 INFO  BankerAlgorithm:127 - 进程P6执行完毕
2023-06-18 21:26:36 INFO  BankerAlgorithm:144 - 安全性检查通过
2023-06-18 21:26:36 INFO  BankerAlgorithm:58 - 进程P6的资源请求：[2, 2, 2] 通过
2023-06-18 21:26:36 INFO  ResourceManager:66 - 进程P6成功分配资源  当前可用资源数：7-7-7
2023-06-18 21:26:36 INFO  FF:69 - 回收的内存分区与前后分区合并，新空闲分区起址为：0，大小为：2000
2023-06-18 21:26:36 INFO  RR:98 - 进程5执行完毕
2023-06-18 21:26:40 INFO  ResourceManager:116 - 进程P6成功释放资源  当前可用资源数：10-10-10
2023-06-18 21:26:40 INFO  FF:69 - 回收的内存分区与前后分区合并，新空闲分区起址为：0，大小为：2500
2023-06-18 21:26:40 INFO  RR:98 - 进程6执行完毕
